<?xml version="1.0" encoding="UTF-8"?>
<!-- Generated by org.testng.reporters.JUnitXMLReporter -->
<testsuite ignored="0" hostname="Opeyemis-MacBook-Pro.local" failures="0" tests="3" name="Default test" time="187.99" errors="0" timestamp="2025-08-12T18:29:01 WAT">
  <testcase classname="yohannaAutomations.onboardingUIAutomation" name="IntroScreenTest" time="6.532"/>
  <testcase classname="yohannaAutomations.onboardingUIAutomation" name="feedscreenValidationForNonRegisteredUsers" time="44.081"/>
  <testcase classname="yohannaAutomations.onboardingUIAutomation" name="feedscreenValidationForNonRegisteredUsersII" time="104.202"/>
</testsuite> <!-- Default test -->
