<?xml version="1.0" encoding="UTF-8"?>
<!-- Generated by org.testng.reporters.JUnitXMLReporter -->
<testsuite ignored="0" hostname="Opeyemis-MacBook-Pro.local" failures="0" tests="7" name="Default test" time="406.208" errors="0" timestamp="2025-10-06T23:01:55 WAT">
  <testcase classname="yohannaAutomations.onboardingUIAutomation" name="IntroScreenTest" time="4.148"/>
  <testcase classname="yohannaAutomations.onboardingUIAutomation" name="feedscreenValidationForNonRegisteredUsers" time="90.451"/>
  <testcase classname="yohannaAutomations.onboardingUIAutomation" name="ValidateProfileSection" time="15.57"/>
  <testcase classname="yohannaAutomations.onboardingUIAutomation" name="ValidateLanguageSynconSignUpPage" time="35.588"/>
  <testcase classname="yohannaAutomations.onboardingUIAutomation" name="ValidateInvalidMailInputOnSignUpPage" time="10.494"/>
  <testcase classname="yohannaAutomations.onboardingUIAutomation" name="ValidatevalidMailInputOnSignUpPage" time="162.017"/>
  <testcase classname="yohannaAutomations.onboardingUIAutomation" name="validateLogOutFunctionality" time="72.25"/>
</testsuite> <!-- Default test -->
