<?xml version="1.0" encoding="UTF-8"?>
<testng-results ignored="0" total="2" passed="2" failed="0" skipped="0">
  <reporter-output>
  </reporter-output>
  <suite started-at="2025-07-16T13:07:24 WAT" name="Default suite" finished-at="2025-07-16T13:08:26 WAT" duration-ms="61706">
    <groups>
    </groups>
    <test started-at="2025-07-16T13:07:24 WAT" name="Default test" finished-at="2025-07-16T13:08:26 WAT" duration-ms="61706">
      <class name="yohannaAutomations.onboardingUIAutomation">
        <test-method is-config="true" signature="ConfigureAppium()[pri:0, instance:yohannaAutomations.onboardingUIAutomation@3d34d211]" started-at="2025-07-16T13:07:24 WAT" name="ConfigureAppium" finished-at="2025-07-16T13:07:58 WAT" duration-ms="33895" status="PASS">
          <reporter-output>
          </reporter-output>
        </test-method> <!-- ConfigureAppium -->
        <test-method signature="AppiumTest()[pri:0, instance:yohannaAutomations.onboardingUIAutomation@3d34d211]" started-at="2025-07-16T13:07:58 WAT" name="AppiumTest" finished-at="2025-07-16T13:08:05 WAT" duration-ms="7121" status="PASS">
          <reporter-output>
          </reporter-output>
        </test-method> <!-- AppiumTest -->
        <test-method signature="ScreenSelectionTest()[pri:0, instance:yohannaAutomations.onboardingUIAutomation@3d34d211]" started-at="2025-07-16T13:08:05 WAT" name="ScreenSelectionTest" finished-at="2025-07-16T13:08:24 WAT" duration-ms="19013" status="PASS">
          <reporter-output>
          </reporter-output>
        </test-method> <!-- ScreenSelectionTest -->
        <test-method is-config="true" signature="tearDown()[pri:0, instance:yohannaAutomations.onboardingUIAutomation@3d34d211]" started-at="2025-07-16T13:08:24 WAT" name="tearDown" finished-at="2025-07-16T13:08:26 WAT" duration-ms="1585" status="PASS">
          <reporter-output>
          </reporter-output>
        </test-method> <!-- tearDown -->
      </class> <!-- yohannaAutomations.onboardingUIAutomation -->
    </test> <!-- Default test -->
  </suite> <!-- Default suite -->
</testng-results>
